This is pdfTeX, Version 3.14159265-2.6-1.40.20 (MiKTeX 2.9.7050 64-bit) (preloaded format=pdflatex 2019.6.28)  29 AUG 2019 11:34
entering extended mode
**./Thesis-Yen.tex
(Thesis-Yen.tex
LaTeX2e <2018-12-01>
(ksthesis.cls
Document Style `UIUC-Thesis'
Based on : Document Style `report' <16 Mar 88>.
("C:\Users\yen\AppData\Local\Programs\MiKTeX 2.9\tex/latex/base\report.sty"

LaTeX Warning: inputting `report.cls' instead of obsolete `report.sty'.

("C:\Users\yen\AppData\Local\Programs\MiKTeX 2.9\tex/latex/base\report.cls"
Document Class: report 2018/09/03 v1.4i Standard LaTeX document class
("C:\Users\yen\AppData\Local\Programs\MiKTeX 2.9\tex/latex/base\size10.clo"
File: size10.clo 2018/09/03 v1.4i Standard LaTeX file (size option)
)
\c@part=\count80
\c@chapter=\count81
\c@section=\count82
\c@subsection=\count83
\c@subsubsection=\count84
\c@paragraph=\count85
\c@subparagraph=\count86
\c@figure=\count87
\c@table=\count88
\abovecaptionskip=\skip41
\belowcaptionskip=\skip42
\bibindent=\dimen102
))
(doublespace.sty))
("C:\Users\yen\AppData\Local\Programs\MiKTeX 2.9\tex/latex/amsmath\amsmath.sty"
Package: amsmath 2018/12/01 v2.17b AMS math features
\@mathmargin=\skip43
For additional information on amsmath, use the `?' option.
("C:\Users\yen\AppData\Local\Programs\MiKTeX 2.9\tex/latex/amsmath\amstext.sty"
Package: amstext 2000/06/29 v2.01 AMS text
("C:\Users\yen\AppData\Local\Programs\MiKTeX 2.9\tex/latex/amsmath\amsgen.sty"
File: amsgen.sty 1999/11/30 v2.0 generic functions
\@emptytoks=\toks14
\ex@=\dimen103
)) ("C:\Users\yen\AppData\Local\Programs\MiKTeX 2.9\tex/latex/amsmath\amsbsy.st
y"
Package: amsbsy 1999/11/29 v1.2d Bold Symbols
\pmbraise@=\dimen104
) ("C:\Users\yen\AppData\Local\Programs\MiKTeX 2.9\tex/latex/amsmath\amsopn.sty
"
Package: amsopn 2016/03/08 v2.02 operator names
)
\inf@bad=\count89
LaTeX Info: Redefining \frac on input line 223.
\uproot@=\count90
\leftroot@=\count91
LaTeX Info: Redefining \overline on input line 385.
\classnum@=\count92
\DOTSCASE@=\count93
LaTeX Info: Redefining \ldots on input line 482.
LaTeX Info: Redefining \dots on input line 485.
LaTeX Info: Redefining \cdots on input line 606.
\Mathstrutbox@=\box27
\strutbox@=\box28
\big@size=\dimen105
LaTeX Font Info:    Redeclaring font encoding OML on input line 729.
LaTeX Font Info:    Redeclaring font encoding OMS on input line 730.
\macc@depth=\count94
\c@MaxMatrixCols=\count95
\dotsspace@=\muskip10
\c@parentequation=\count96
\dspbrk@lvl=\count97
\tag@help=\toks15
\row@=\count98
\column@=\count99
\maxfields@=\count100
\andhelp@=\toks16
\eqnshift@=\dimen106
\alignsep@=\dimen107
\tagshift@=\dimen108
\tagwidth@=\dimen109
\totwidth@=\dimen110
\lineht@=\dimen111
\@envbody=\toks17
\multlinegap=\skip44
\multlinetaggap=\skip45
\mathdisplay@stack=\toks18
LaTeX Info: Redefining \[ on input line 2844.
LaTeX Info: Redefining \] on input line 2845.
)
("C:\Users\yen\AppData\Local\Programs\MiKTeX 2.9\tex/latex/amscls\amsthm.sty"
Package: amsthm 2017/10/31 v2.20.4
\thm@style=\toks19
\thm@bodyfont=\toks20
\thm@headfont=\toks21
\thm@notefont=\toks22
\thm@headpunct=\toks23
\thm@preskip=\skip46
\thm@postskip=\skip47
\thm@headsep=\skip48
\dth@everypar=\toks24
)
("C:\Users\yen\AppData\Local\Programs\MiKTeX 2.9\tex/latex/base\latexsym.sty"
Package: latexsym 1998/08/17 v2.2e Standard LaTeX package (lasy symbols)
\symlasy=\mathgroup4
LaTeX Font Info:    Overwriting symbol font `lasy' in version `bold'
(Font)                  U/lasy/m/n --> U/lasy/b/n on input line 52.
)
(class/psfig.sty
\@unused=\write3
\ps@stream=\read1
\p@intvaluex=\dimen112
\p@intvaluey=\dimen113

psfig/tex 1.10-dvips
) (class/fancyheadings.sty
\headrulewidth=\dimen114
\footrulewidth=\dimen115
\plainheadrulewidth=\dimen116
\plainfootrulewidth=\dimen117
\headwidth=\dimen118
) (class/citesort.sty
\@minsofar=\count101
\@min=\count102
\@cite@temp=\count103
)
("C:\Users\yen\AppData\Local\Programs\MiKTeX 2.9\tex/latex/graphics\graphicx.st
y"
Package: graphicx 2017/06/01 v1.1a Enhanced LaTeX Graphics (DPC,SPQR)

("C:\Users\yen\AppData\Local\Programs\MiKTeX 2.9\tex/latex/graphics\keyval.sty"
Package: keyval 2014/10/28 v1.15 key=value parser (DPC)
\KV@toks@=\toks25
)
("C:\Users\yen\AppData\Local\Programs\MiKTeX 2.9\tex/latex/graphics\graphics.st
y"
Package: graphics 2017/06/25 v1.2c Standard LaTeX Graphics (DPC,SPQR)
 ("C:\Users\yen\AppData\Local\Programs\MiKTeX 2.9\tex/latex/graphics\trig.sty"
Package: trig 2016/01/03 v1.10 sin cos tan (DPC)
)
("C:\Users\yen\AppData\Local\Programs\MiKTeX 2.9\tex/latex/graphics-cfg\graphic
s.cfg"
File: graphics.cfg 2016/06/04 v1.11 sample graphics configuration
)
Package graphics Info: Driver file: pdftex.def on input line 99.

("C:\Users\yen\AppData\Local\Programs\MiKTeX 2.9\tex/latex/graphics-def\pdftex.
def"
File: pdftex.def 2018/01/08 v1.0l Graphics/color driver for pdftex
))
\Gin@req@height=\dimen119
\Gin@req@width=\dimen120
)
("C:\Users\yen\AppData\Local\Programs\MiKTeX 2.9\tex/latex/subfigure\subfigure.
sty"
Package: subfigure 2002/07/30 v2.1.4 subfigure package
\subfigtopskip=\skip49
\subfigcapskip=\skip50
\subfigcaptopadj=\dimen121
\subfigbottomskip=\skip51
\subfigcapmargin=\dimen122
\subfiglabelskip=\skip52
\c@subfigure=\count104
\c@lofdepth=\count105
\c@subtable=\count106
\c@lotdepth=\count107

****************************************
* Local config file subfigure.cfg used *
****************************************

("C:\Users\yen\AppData\Local\Programs\MiKTeX 2.9\tex/latex/subfigure\subfigure.
cfg")
\subfig@top=\skip53
\subfig@bottom=\skip54
)
("C:\Users\yen\AppData\Local\Programs\MiKTeX 2.9\tex/latex/amsfonts\amssymb.sty
"
Package: amssymb 2013/01/14 v3.01 AMS font symbols

("C:\Users\yen\AppData\Local\Programs\MiKTeX 2.9\tex/latex/amsfonts\amsfonts.st
y"
Package: amsfonts 2013/01/14 v3.01 Basic AMSFonts support
\symAMSa=\mathgroup5
\symAMSb=\mathgroup6
LaTeX Font Info:    Overwriting math alphabet `\mathfrak' in version `bold'
(Font)                  U/euf/m/n --> U/euf/b/n on input line 106.
))
("C:\Users\yen\AppData\Local\Programs\MiKTeX 2.9\tex/latex/algorithms\algorithm
.sty"
Package: algorithm 2009/08/24 v0.1 Document Style `algorithm' - floating enviro
nment
 ("C:\Users\yen\AppData\Local\Programs\MiKTeX 2.9\tex/latex/float\float.sty"
Package: float 2001/11/08 v1.3d Float enhancements (AL)
\c@float@type=\count108
\float@exts=\toks26
\float@box=\box29
\@float@everytoks=\toks27
\@floatcapt=\box30
) ("C:\Users\yen\AppData\Local\Programs\MiKTeX 2.9\tex/latex/base\ifthen.sty"
Package: ifthen 2014/09/29 v1.1c Standard LaTeX ifthen package (DPC)
)
\@float@every@algorithm=\toks28
\c@algorithm=\count109
)
("C:\Users\yen\AppData\Local\Programs\MiKTeX 2.9\tex/latex/algorithms\algorithm
ic.sty"
Package: algorithmic 2009/08/24 v0.1 Document Style `algorithmic'
\c@ALC@unique=\count110
\c@ALC@line=\count111
\c@ALC@rem=\count112
\c@ALC@depth=\count113
\ALC@tlm=\skip55
\algorithmicindent=\skip56
)
("C:\Users\yen\AppData\Local\Programs\MiKTeX 2.9\tex/latex/multirow\multirow.st
y"
Package: multirow 2019/05/31 v2.5 Span multiple rows of a table
\multirow@colwidth=\skip57
\multirow@cntb=\count114
\multirow@dima=\skip58
\bigstrutjot=\dimen123
) ("C:\Users\yen\AppData\Local\Programs\MiKTeX 2.9\tex/latex/cite\cite.sty"
LaTeX Info: Redefining \cite on input line 302.
LaTeX Info: Redefining \nocite on input line 332.
Package: cite 2015/02/27  v 5.5
)
\c@thm=\count115
\c@lemma=\count116
\c@defi=\count117
\c@proposition=\count118
\c@cor=\count119

(Thesis-Yen.aux

LaTeX Warning: Label `Chap:Architecture' multiply defined.

)
\openout1 = `Thesis-Yen.aux'.

LaTeX Font Info:    Checking defaults for OML/cmm/m/it on input line 39.
LaTeX Font Info:    ... okay on input line 39.
LaTeX Font Info:    Checking defaults for T1/cmr/m/n on input line 39.
LaTeX Font Info:    ... okay on input line 39.
LaTeX Font Info:    Checking defaults for OT1/cmr/m/n on input line 39.
LaTeX Font Info:    ... okay on input line 39.
LaTeX Font Info:    Checking defaults for OMS/cmsy/m/n on input line 39.
LaTeX Font Info:    ... okay on input line 39.
LaTeX Font Info:    Checking defaults for OMX/cmex/m/n on input line 39.
LaTeX Font Info:    ... okay on input line 39.
LaTeX Font Info:    Checking defaults for U/cmr/m/n on input line 39.
LaTeX Font Info:    ... okay on input line 39.

("C:\Users\yen\AppData\Local\Programs\MiKTeX 2.9\tex/context/base/mkii\supp-pdf
.mkii"
[Loading MPS to PDF converter (version 2006.09.02).]
\scratchcounter=\count120
\scratchdimen=\dimen124
\scratchbox=\box31
\nofMPsegments=\count121
\nofMParguments=\count122
\everyMPshowfont=\toks29
\MPscratchCnt=\count123
\MPscratchDim=\dimen125
\MPnumerator=\count124
\makeMPintoPDFobject=\count125
\everyMPtoPDFconversion=\toks30
)
("C:\Users\yen\AppData\Local\Programs\MiKTeX 2.9\tex/latex/oberdiek\epstopdf-ba
se.sty"
Package: epstopdf-base 2016/05/15 v2.6 Base part for package epstopdf

("C:\Users\yen\AppData\Local\Programs\MiKTeX 2.9\tex/generic/oberdiek\infwarerr
.sty"
Package: infwarerr 2016/05/16 v1.4 Providing info/warning/error messages (HO)
)
("C:\Users\yen\AppData\Local\Programs\MiKTeX 2.9\tex/latex/oberdiek\grfext.sty"
Package: grfext 2016/05/16 v1.2 Manage graphics extensions (HO)

("C:\Users\yen\AppData\Local\Programs\MiKTeX 2.9\tex/generic/oberdiek\kvdefinek
eys.sty"
Package: kvdefinekeys 2016/05/16 v1.4 Define keys (HO)

("C:\Users\yen\AppData\Local\Programs\MiKTeX 2.9\tex/generic/oberdiek\ltxcmds.s
ty"
Package: ltxcmds 2016/05/16 v1.23 LaTeX kernel commands for general use (HO)
)))
("C:\Users\yen\AppData\Local\Programs\MiKTeX 2.9\tex/latex/oberdiek\kvoptions.s
ty"
Package: kvoptions 2016/05/16 v3.12 Key value format for package options (HO)

("C:\Users\yen\AppData\Local\Programs\MiKTeX 2.9\tex/generic/oberdiek\kvsetkeys
.sty"
Package: kvsetkeys 2016/05/16 v1.17 Key value parser (HO)

("C:\Users\yen\AppData\Local\Programs\MiKTeX 2.9\tex/generic/oberdiek\etexcmds.
sty"
Package: etexcmds 2016/05/16 v1.6 Avoid name clashes with e-TeX commands (HO)

("C:\Users\yen\AppData\Local\Programs\MiKTeX 2.9\tex/generic/oberdiek\ifluatex.
sty"
Package: ifluatex 2016/05/16 v1.4 Provides the ifluatex switch (HO)
Package ifluatex Info: LuaTeX not detected.
))))
("C:\Users\yen\AppData\Local\Programs\MiKTeX 2.9\tex/generic/oberdiek\pdftexcmd
s.sty"
Package: pdftexcmds 2018/09/10 v0.29 Utility functions of pdfTeX for LuaTeX (HO
)

("C:\Users\yen\AppData\Local\Programs\MiKTeX 2.9\tex/generic/oberdiek\ifpdf.sty
"
Package: ifpdf 2018/09/07 v3.3 Provides the ifpdf switch
)
Package pdftexcmds Info: LuaTeX not detected.
Package pdftexcmds Info: \pdf@primitive is available.
Package pdftexcmds Info: \pdf@ifprimitive is available.
Package pdftexcmds Info: \pdfdraftmode found.
)
Package epstopdf-base Info: Redefining graphics rule for `.eps' on input line 4
38.
Package grfext Info: Graphics extension search list:
(grfext)             [.pdf,.png,.jpg,.mps,.jpeg,.jbig2,.jb2,.PDF,.PNG,.JPG,.JPE
G,.JBIG2,.JB2,.eps]
(grfext)             \AppendGraphicsExtensions on input line 456.
) [2

{C:/Users/yen/AppData/Local/MiKTeX/2.9/pdftex/config/pdftex.map}]
[3

] (Thesis-Yen.toc
LaTeX Font Info:    Try loading font information for U+lasy on input line 2.

("C:\Users\yen\AppData\Local\Programs\MiKTeX 2.9\tex/latex/base\ulasy.fd"
File: ulasy.fd 1998/08/17 v2.2e LaTeX symbol font definitions
)
LaTeX Font Info:    Try loading font information for U+msa on input line 2.

("C:\Users\yen\AppData\Local\Programs\MiKTeX 2.9\tex/latex/amsfonts\umsa.fd"
File: umsa.fd 2013/01/14 v3.01 AMS symbols A
)
LaTeX Font Info:    Try loading font information for U+msb on input line 2.

("C:\Users\yen\AppData\Local\Programs\MiKTeX 2.9\tex/latex/amsfonts\umsb.fd"
File: umsb.fd 2013/01/14 v3.01 AMS symbols B
)
[4

])
\tf@toc=\write4
\openout4 = `Thesis-Yen.toc'.

 [5] (Thesis-Yen.lof)
\tf@lof=\write5
\openout5 = `Thesis-Yen.lof'.

 [6

] (Thesis-Yen.lot)
\tf@lot=\write6
\openout6 = `Thesis-Yen.lot'.

 [7

]
Chapter 1.
[1



]
<./Thesis_figures/F1-1_System_Design_Overview.PNG, id=29, 793.46437pt x 462.979
69pt>
File: ./Thesis_figures/F1-1_System_Design_Overview.PNG Graphic file (type png)
<use ./Thesis_figures/F1-1_System_Design_Overview.PNG>
Package pdftex.def Info: ./Thesis_figures/F1-1_System_Design_Overview.PNG  used
 on input line 96.
(pdftex.def)             Requested size: 406.51599pt x 237.20444pt.
 [2 <./Thesis_figures/F1-1_System_Design_Overview.PNG>] [3]
Chapter 2.
[4

] [5] [6]
Chapter 3.
<./Thesis_figures/F3-1_a_whole_system.PNG, id=47, 832.61063pt x 459.21562pt>
File: ./Thesis_figures/F3-1_a_whole_system.PNG Graphic file (type png)
<use ./Thesis_figures/F3-1_a_whole_system.PNG>
Package pdftex.def Info: ./Thesis_figures/F3-1_a_whole_system.PNG  used on inpu
t line 155.
(pdftex.def)             Requested size: 383.93712pt x 211.75325pt.
[7

] [8 <./Thesis_figures/F3-1_a_whole_system.PNG>] [9]
Chapter 4.
<./Thesis_figures/F4-1_webService_arcitecture.PNG, id=59, 437.38406pt x 438.889
7pt>
File: ./Thesis_figures/F4-1_webService_arcitecture.PNG Graphic file (type png)
<use ./Thesis_figures/F4-1_webService_arcitecture.PNG>
Package pdftex.def Info: ./Thesis_figures/F4-1_webService_arcitecture.PNG  used
 on input line 197.
(pdftex.def)             Requested size: 240.56197pt x 241.39008pt.
[10

]
<./Thesis_figures/F4-2_TraCI_connection.PNG, id=63, 293.59688pt x 225.84375pt>
File: ./Thesis_figures/F4-2_TraCI_connection.PNG Graphic file (type png)
<use ./Thesis_figures/F4-2_TraCI_connection.PNG>
Package pdftex.def Info: ./Thesis_figures/F4-2_TraCI_connection.PNG  used on in
put line 215.
(pdftex.def)             Requested size: 293.59615pt x 225.84319pt.
 [11 <./Thesis_figures/F4-1_webService_arcitecture.PNG>] [12 <./Thesis_figures/
F4-2_TraCI_connection.PNG>]
<./Thesis_figures/F4-3_Change_endEdge.PNG, id=71, 421.0932pt x 439.4016pt>
File: ./Thesis_figures/F4-3_Change_endEdge.PNG Graphic file (type png)
<use ./Thesis_figures/F4-3_Change_endEdge.PNG>
Package pdftex.def Info: ./Thesis_figures/F4-3_Change_endEdge.PNG  used on inpu
t line 246.
(pdftex.def)             Requested size: 252.65787pt x 263.64297pt.
 [13]
<./Thesis_figures/F4-4_setStop.PNG, id=77, 420.1296pt x 440.3652pt>
File: ./Thesis_figures/F4-4_setStop.PNG Graphic file (type png)
<use ./Thesis_figures/F4-4_setStop.PNG>
Package pdftex.def Info: ./Thesis_figures/F4-4_setStop.PNG  used on input line 
254.
(pdftex.def)             Requested size: 252.0797pt x 264.22115pt.
 [14 <./Thesis_figures/F4-3_Change_endEdge.PNG> <./Thesis_figures/F4-4_setStop.
PNG>]
<./Thesis_figures/F4-5_GPS_googleMap.PNG, id=83, 428.01767pt x 397.20488pt>
File: ./Thesis_figures/F4-5_GPS_googleMap.PNG Graphic file (type png)
<use ./Thesis_figures/F4-5_GPS_googleMap.PNG>
Package pdftex.def Info: ./Thesis_figures/F4-5_GPS_googleMap.PNG  used on input
 line 273.
(pdftex.def)             Requested size: 428.01662pt x 397.2039pt.
 [15] [16 <./Thesis_figures/F4-5_GPS_googleMap.PNG>]
<./Thesis_figures/F4-6_GPS_SUMOMap.PNG, id=91, 422.63496pt x 394.54066pt>
File: ./Thesis_figures/F4-6_GPS_SUMOMap.PNG Graphic file (type png)
<use ./Thesis_figures/F4-6_GPS_SUMOMap.PNG>
Package pdftex.def Info: ./Thesis_figures/F4-6_GPS_SUMOMap.PNG  used on input l
ine 289.
(pdftex.def)             Requested size: 422.63393pt x 394.53969pt.
 [17 <./Thesis_figures/F4-6_GPS_SUMOMap.PNG>]
Chapter 5.
LaTeX Font Info:    Try loading font information for OMS+cmr on input line 307.

("C:\Users\yen\AppData\Local\Programs\MiKTeX 2.9\tex/latex/base\omscmr.fd"
File: omscmr.fd 2014/09/29 v2.5h Standard LaTeX font definitions
)
LaTeX Font Info:    Font shape `OMS/cmr/m/n' in size <12> not available
(Font)              Font shape `OMS/cmsy/m/n' tried instead on input line 307.
<./Thesis_figures/F5-1_sender_delivery_process.PNG, id=96, 609.77812pt x 341.77
687pt>
File: ./Thesis_figures/F5-1_sender_delivery_process.PNG Graphic file (type png)

<use ./Thesis_figures/F5-1_sender_delivery_process.PNG>
Package pdftex.def Info: ./Thesis_figures/F5-1_sender_delivery_process.PNG  use
d on input line 315.
(pdftex.def)             Requested size: 451.6875pt x 253.1769pt.

[18

] [19 <./Thesis_figures/F5-1_sender_delivery_process.PNG>]
<./Thesis_figures/F5-2_receiver_delivery_process.PNG, id=105, 610.53094pt x 306
.39468pt>
File: ./Thesis_figures/F5-2_receiver_delivery_process.PNG Graphic file (type pn
g)
<use ./Thesis_figures/F5-2_receiver_delivery_process.PNG>
Package pdftex.def Info: ./Thesis_figures/F5-2_receiver_delivery_process.PNG  u
sed on input line 363.
(pdftex.def)             Requested size: 451.6875pt x 226.68643pt.
 [20] [21 <./Thesis_figures/F5-2_receiver_delivery_process.PNG>]
Chapter 6.
<./Thesis_figures/F6-1_dispatching_mechanism.PNG, id=113, 465.99094pt x 418.563
75pt>
File: ./Thesis_figures/F6-1_dispatching_mechanism.PNG Graphic file (type png)
<use ./Thesis_figures/F6-1_dispatching_mechanism.PNG>
Package pdftex.def Info: ./Thesis_figures/F6-1_dispatching_mechanism.PNG  used 
on input line 393.
(pdftex.def)             Requested size: 326.19142pt x 292.99261pt.
[22

] [23 <./Thesis_figures/F6-1_dispatching_mechanism.PNG>]
<./Thesis_figures/F6-2_caseOne_boxFiltering.PNG, id=121, 365.86688pt x 143.7871
9pt>
File: ./Thesis_figures/F6-2_caseOne_boxFiltering.PNG Graphic file (type png)
<use ./Thesis_figures/F6-2_caseOne_boxFiltering.PNG>
Package pdftex.def Info: ./Thesis_figures/F6-2_caseOne_boxFiltering.PNG  used o
n input line 420.
(pdftex.def)             Requested size: 271.01524pt x 106.51494pt.
<./Thesis_figures/F6-3_caseTwo_boxFiltering.PNG, id=122, 363.60844pt x 164.1131
3pt>
File: ./Thesis_figures/F6-3_caseTwo_boxFiltering.PNG Graphic file (type png)
<use ./Thesis_figures/F6-3_caseTwo_boxFiltering.PNG>
Package pdftex.def Info: ./Thesis_figures/F6-3_caseTwo_boxFiltering.PNG  used o
n input line 431.
(pdftex.def)             Requested size: 271.01524pt x 122.32578pt.
 [24 <./Thesis_figures/F6-2_caseOne_boxFiltering.PNG>]
<./Thesis_figures/F6-4_caseOne_SchedulingStage.PNG, id=127, 819.06pt x 459.2156
2pt>
File: ./Thesis_figures/F6-4_caseOne_SchedulingStage.PNG Graphic file (type png)

<use ./Thesis_figures/F6-4_caseOne_SchedulingStage.PNG>
Package pdftex.def Info: ./Thesis_figures/F6-4_caseOne_SchedulingStage.PNG  use
d on input line 445.
(pdftex.def)             Requested size: 451.6875pt x 253.24905pt.
 [25 <./Thesis_figures/F6-3_caseTwo_boxFiltering.PNG>] [26 <./Thesis_figures/F6
-4_caseOne_SchedulingStage.PNG>]
<./Thesis_figures/F6-5_caseTwo_SchedulingStage.PNG, id=137, 637.63219pt x 337.2
6pt>
File: ./Thesis_figures/F6-5_caseTwo_SchedulingStage.PNG Graphic file (type png)

<use ./Thesis_figures/F6-5_caseTwo_SchedulingStage.PNG>
Package pdftex.def Info: ./Thesis_figures/F6-5_caseTwo_SchedulingStage.PNG  use
d on input line 463.
(pdftex.def)             Requested size: 451.6875pt x 238.91077pt.
 [27 <./Thesis_figures/F6-5_caseTwo_SchedulingStage.PNG>]
<./Thesis_figures/F6-6_caseThree_SchedulingStage.PNG, id=142, 812.28468pt x 428
.35031pt>
File: ./Thesis_figures/F6-6_caseThree_SchedulingStage.PNG Graphic file (type pn
g)
<use ./Thesis_figures/F6-6_caseThree_SchedulingStage.PNG>
Package pdftex.def Info: ./Thesis_figures/F6-6_caseThree_SchedulingStage.PNG  u
sed on input line 478.
(pdftex.def)             Requested size: 451.6875pt x 238.18822pt.
 [28 <./Thesis_figures/F6-6_caseThree_SchedulingStage.PNG>]
<./Thesis_figures/F6-7_senderScenario.PNG, id=147, 687.31781pt x 349.305pt>
File: ./Thesis_figures/F6-7_senderScenario.PNG Graphic file (type png)
<use ./Thesis_figures/F6-7_senderScenario.PNG>
Package pdftex.def Info: ./Thesis_figures/F6-7_senderScenario.PNG  used on inpu
t line 496.
(pdftex.def)             Requested size: 451.6875pt x 229.55063pt.
 [29 <./Thesis_figures/F6-7_senderScenario.PNG>]
<./Thesis_figures/F6-8_receiverScenario1.PNG, id=152, 761.09344pt x 322.20375pt
>
File: ./Thesis_figures/F6-8_receiverScenario1.PNG Graphic file (type png)
<use ./Thesis_figures/F6-8_receiverScenario1.PNG>
Package pdftex.def Info: ./Thesis_figures/F6-8_receiverScenario1.PNG  used on i
nput line 509.
(pdftex.def)             Requested size: 451.6875pt x 191.22443pt.

[30 <./Thesis_figures/F6-8_receiverScenario1.PNG>]
<./Thesis_figures/F6-9_receiverScenario2.PNG, id=157, 656.4525pt x 288.3272pt>
File: ./Thesis_figures/F6-9_receiverScenario2.PNG Graphic file (type png)
<use ./Thesis_figures/F6-9_receiverScenario2.PNG>
Package pdftex.def Info: ./Thesis_figures/F6-9_receiverScenario2.PNG  used on i
nput line 521.
(pdftex.def)             Requested size: 451.6875pt x 198.39163pt.
 [31 <./Thesis_figures/F6-9_receiverScenario2.PNG>]
Chapter 7.
<./Thesis_figures/F7-1_Openstreetmap.PNG, id=163, 1380.65813pt x 700.11563pt>
File: ./Thesis_figures/F7-1_Openstreetmap.PNG Graphic file (type png)
<use ./Thesis_figures/F7-1_Openstreetmap.PNG>
Package pdftex.def Info: ./Thesis_figures/F7-1_Openstreetmap.PNG  used on input
 line 554.
(pdftex.def)             Requested size: 406.51599pt x 206.13705pt.
[32

]
<./Thesis_figures/F7-2_SUMOMap.PNG, id=167, 393.1283pt x 313.17pt>
File: ./Thesis_figures/F7-2_SUMOMap.PNG Graphic file (type png)
<use ./Thesis_figures/F7-2_SUMOMap.PNG>
Package pdftex.def Info: ./Thesis_figures/F7-2_SUMOMap.PNG  used on input line 
562.
(pdftex.def)             Requested size: 316.17987pt x 251.86955pt.
 [33 <./Thesis_figures/F7-1_Openstreetmap.PNG> <./Thesis_figures/F7-2_SUMOMap.P
NG>] [34]
<./Thesis_figures/F7-3_speedEstimation.PNG, id=177, 741.52031pt x 383.93437pt>
File: ./Thesis_figures/F7-3_speedEstimation.PNG Graphic file (type png)
<use ./Thesis_figures/F7-3_speedEstimation.PNG>
Package pdftex.def Info: ./Thesis_figures/F7-3_speedEstimation.PNG  used on inp
ut line 625.
(pdftex.def)             Requested size: 451.6875pt x 233.87155pt.
<./Thesis_figures/F7-4_initialization.PNG, id=178, 1018.55531pt x 447.17062pt>
File: ./Thesis_figures/F7-4_initialization.PNG Graphic file (type png)
<use ./Thesis_figures/F7-4_initialization.PNG>
Package pdftex.def Info: ./Thesis_figures/F7-4_initialization.PNG  used on inpu
t line 636.
(pdftex.def)             Requested size: 451.6875pt x 198.30455pt.
 [35 <./Thesis_figures/F7-3_speedEstimation.PNG>]
<./Thesis_figures/F7-5_senderRequest.PNG, id=183, 768.62157pt x 285.31593pt>
File: ./Thesis_figures/F7-5_senderRequest.PNG Graphic file (type png)
<use ./Thesis_figures/F7-5_senderRequest.PNG>
Package pdftex.def Info: ./Thesis_figures/F7-5_senderRequest.PNG  used on input
 line 649.
(pdftex.def)             Requested size: 451.6875pt x 167.67319pt.
 [36 <./Thesis_figures/F7-4_initialization.PNG>]
<./Thesis_figures/F7-6_loadingProcess.PNG, id=188, 928.97063pt x 572.89032pt>
File: ./Thesis_figures/F7-6_loadingProcess.PNG Graphic file (type png)
<use ./Thesis_figures/F7-6_loadingProcess.PNG>
Package pdftex.def Info: ./Thesis_figures/F7-6_loadingProcess.PNG  used on inpu
t line 662.
(pdftex.def)             Requested size: 451.6875pt x 278.55954pt.
 [37 <./Thesis_figures/F7-5_senderRequest.PNG>]
<./Thesis_figures/F7-7_receiverRequest.PNG, id=194, 995.21812pt x 457.71pt>
File: ./Thesis_figures/F7-7_receiverRequest.PNG Graphic file (type png)
<use ./Thesis_figures/F7-7_receiverRequest.PNG>
Package pdftex.def Info: ./Thesis_figures/F7-7_receiverRequest.PNG  used on inp
ut line 676.
(pdftex.def)             Requested size: 451.6875pt x 207.73457pt.

[38 <./Thesis_figures/F7-6_loadingProcess.PNG>]
<./Thesis_figures/F7-8_unloadingProcess.PNG, id=199, 1254.93843pt x 715.17188pt
>
File: ./Thesis_figures/F7-8_unloadingProcess.PNG Graphic file (type png)
<use ./Thesis_figures/F7-8_unloadingProcess.PNG>
Package pdftex.def Info: ./Thesis_figures/F7-8_unloadingProcess.PNG  used on in
put line 688.
(pdftex.def)             Requested size: 451.6875pt x 257.4071pt.
 [39 <./Thesis_figures/F7-7_receiverRequest.PNG>] [40 <./Thesis_figures/F7-8_un
loadingProcess.PNG>]
Chapter 8.
[41

] [42] [43] (Thesis-Yen.bbl [44

]) [45] (Thesis-Yen.aux)

LaTeX Warning: There were multiply-defined labels.

 ) 
Here is how much of TeX's memory you used:
 3582 strings out of 492895
 53332 string characters out of 3124669
 114202 words of memory out of 3000000
 7370 multiletter control sequences out of 15000+200000
 11779 words of font info for 45 fonts, out of 3000000 for 9000
 1141 hyphenation exceptions out of 8191
 41i,9n,27p,1354b,360s stack positions out of 5000i,500n,10000p,200000b,50000s
<C:/Users/yen/AppData/Local/Programs/MiKTeX 2.9/fonts/type1/public/amsfonts/c
m/cmbx12.pfb><C:/Users/yen/AppData/Local/Programs/MiKTeX 2.9/fonts/type1/public
/amsfonts/cm/cmbxti10.pfb><C:/Users/yen/AppData/Local/Programs/MiKTeX 2.9/fonts
/type1/public/amsfonts/cm/cmmi12.pfb><C:/Users/yen/AppData/Local/Programs/MiKTe
X 2.9/fonts/type1/public/amsfonts/cm/cmmi8.pfb><C:/Users/yen/AppData/Local/Prog
rams/MiKTeX 2.9/fonts/type1/public/amsfonts/cm/cmr10.pfb><C:/Users/yen/AppData/
Local/Programs/MiKTeX 2.9/fonts/type1/public/amsfonts/cm/cmr12.pfb><C:/Users/ye
n/AppData/Local/Programs/MiKTeX 2.9/fonts/type1/public/amsfonts/cm/cmr8.pfb><C:
/Users/yen/AppData/Local/Programs/MiKTeX 2.9/fonts/type1/public/amsfonts/cm/cms
y10.pfb><C:/Users/yen/AppData/Local/Programs/MiKTeX 2.9/fonts/type1/public/amsf
onts/cm/cmti12.pfb>
Output written on Thesis-Yen.pdf (51 pages, 5193612 bytes).
PDF statistics:
 255 PDF objects out of 1000 (max. 8388607)
 0 named destinations out of 1000 (max. 500000)
 136 words of extra memory for PDF output out of 10000 (max. 10000000)

