This is pdfTeX, Version 3.14159265-2.6-1.40.20 (MiKTeX 2.9.7050 64-bit) (preloaded format=pdflatex 2019.6.28)  2 JUL 2019 23:32
entering extended mode
**./Thesis-CHUNG.tex
(Thesis-CHUNG.tex
LaTeX2e <2018-12-01>
(ksthesis.cls
Document Style `UIUC-Thesis'
Based on : Document Style `report' <16 Mar 88>.
("C:\Users\yen\AppData\Local\Programs\MiKTeX 2.9\tex/latex/base\report.sty"

LaTeX Warning: inputting `report.cls' instead of obsolete `report.sty'.

("C:\Users\yen\AppData\Local\Programs\MiKTeX 2.9\tex/latex/base\report.cls"
Document Class: report 2018/09/03 v1.4i Standard LaTeX document class
("C:\Users\yen\AppData\Local\Programs\MiKTeX 2.9\tex/latex/base\size10.clo"
File: size10.clo 2018/09/03 v1.4i Standard LaTeX file (size option)
)
\c@part=\count80
\c@chapter=\count81
\c@section=\count82
\c@subsection=\count83
\c@subsubsection=\count84
\c@paragraph=\count85
\c@subparagraph=\count86
\c@figure=\count87
\c@table=\count88
\abovecaptionskip=\skip41
\belowcaptionskip=\skip42
\bibindent=\dimen102
))
(doublespace.sty))
("C:\Users\yen\AppData\Local\Programs\MiKTeX 2.9\tex/latex/amsmath\amsmath.sty"
Package: amsmath 2018/12/01 v2.17b AMS math features
\@mathmargin=\skip43
For additional information on amsmath, use the `?' option.
("C:\Users\yen\AppData\Local\Programs\MiKTeX 2.9\tex/latex/amsmath\amstext.sty"
Package: amstext 2000/06/29 v2.01 AMS text
("C:\Users\yen\AppData\Local\Programs\MiKTeX 2.9\tex/latex/amsmath\amsgen.sty"
File: amsgen.sty 1999/11/30 v2.0 generic functions
\@emptytoks=\toks14
\ex@=\dimen103
)) ("C:\Users\yen\AppData\Local\Programs\MiKTeX 2.9\tex/latex/amsmath\amsbsy.st
y"
Package: amsbsy 1999/11/29 v1.2d Bold Symbols
\pmbraise@=\dimen104
) ("C:\Users\yen\AppData\Local\Programs\MiKTeX 2.9\tex/latex/amsmath\amsopn.sty
"
Package: amsopn 2016/03/08 v2.02 operator names
)
\inf@bad=\count89
LaTeX Info: Redefining \frac on input line 223.
\uproot@=\count90
\leftroot@=\count91
LaTeX Info: Redefining \overline on input line 385.
\classnum@=\count92
\DOTSCASE@=\count93
LaTeX Info: Redefining \ldots on input line 482.
LaTeX Info: Redefining \dots on input line 485.
LaTeX Info: Redefining \cdots on input line 606.
\Mathstrutbox@=\box27
\strutbox@=\box28
\big@size=\dimen105
LaTeX Font Info:    Redeclaring font encoding OML on input line 729.
LaTeX Font Info:    Redeclaring font encoding OMS on input line 730.
\macc@depth=\count94
\c@MaxMatrixCols=\count95
\dotsspace@=\muskip10
\c@parentequation=\count96
\dspbrk@lvl=\count97
\tag@help=\toks15
\row@=\count98
\column@=\count99
\maxfields@=\count100
\andhelp@=\toks16
\eqnshift@=\dimen106
\alignsep@=\dimen107
\tagshift@=\dimen108
\tagwidth@=\dimen109
\totwidth@=\dimen110
\lineht@=\dimen111
\@envbody=\toks17
\multlinegap=\skip44
\multlinetaggap=\skip45
\mathdisplay@stack=\toks18
LaTeX Info: Redefining \[ on input line 2844.
LaTeX Info: Redefining \] on input line 2845.
)
("C:\Users\yen\AppData\Local\Programs\MiKTeX 2.9\tex/latex/amscls\amsthm.sty"
Package: amsthm 2017/10/31 v2.20.4
\thm@style=\toks19
\thm@bodyfont=\toks20
\thm@headfont=\toks21
\thm@notefont=\toks22
\thm@headpunct=\toks23
\thm@preskip=\skip46
\thm@postskip=\skip47
\thm@headsep=\skip48
\dth@everypar=\toks24
)
("C:\Users\yen\AppData\Local\Programs\MiKTeX 2.9\tex/latex/base\latexsym.sty"
Package: latexsym 1998/08/17 v2.2e Standard LaTeX package (lasy symbols)
\symlasy=\mathgroup4
LaTeX Font Info:    Overwriting symbol font `lasy' in version `bold'
(Font)                  U/lasy/m/n --> U/lasy/b/n on input line 52.
)
(class/psfig.sty
\@unused=\write3
\ps@stream=\read1
\p@intvaluex=\dimen112
\p@intvaluey=\dimen113

psfig/tex 1.10-dvips
) (class/fancyheadings.sty
\headrulewidth=\dimen114
\footrulewidth=\dimen115
\plainheadrulewidth=\dimen116
\plainfootrulewidth=\dimen117
\headwidth=\dimen118
) (class/citesort.sty
\@minsofar=\count101
\@min=\count102
\@cite@temp=\count103
)
("C:\Users\yen\AppData\Local\Programs\MiKTeX 2.9\tex/latex/graphics\graphicx.st
y"
Package: graphicx 2017/06/01 v1.1a Enhanced LaTeX Graphics (DPC,SPQR)

("C:\Users\yen\AppData\Local\Programs\MiKTeX 2.9\tex/latex/graphics\keyval.sty"
Package: keyval 2014/10/28 v1.15 key=value parser (DPC)
\KV@toks@=\toks25
)
("C:\Users\yen\AppData\Local\Programs\MiKTeX 2.9\tex/latex/graphics\graphics.st
y"
Package: graphics 2017/06/25 v1.2c Standard LaTeX Graphics (DPC,SPQR)
 ("C:\Users\yen\AppData\Local\Programs\MiKTeX 2.9\tex/latex/graphics\trig.sty"
Package: trig 2016/01/03 v1.10 sin cos tan (DPC)
)
("C:\Users\yen\AppData\Local\Programs\MiKTeX 2.9\tex/latex/graphics-cfg\graphic
s.cfg"
File: graphics.cfg 2016/06/04 v1.11 sample graphics configuration
)
Package graphics Info: Driver file: pdftex.def on input line 99.

("C:\Users\yen\AppData\Local\Programs\MiKTeX 2.9\tex/latex/graphics-def\pdftex.
def"
File: pdftex.def 2018/01/08 v1.0l Graphics/color driver for pdftex
))
\Gin@req@height=\dimen119
\Gin@req@width=\dimen120
)
("C:\Users\yen\AppData\Local\Programs\MiKTeX 2.9\tex/latex/subfigure\subfigure.
sty"
Package: subfigure 2002/07/30 v2.1.4 subfigure package
\subfigtopskip=\skip49
\subfigcapskip=\skip50
\subfigcaptopadj=\dimen121
\subfigbottomskip=\skip51
\subfigcapmargin=\dimen122
\subfiglabelskip=\skip52
\c@subfigure=\count104
\c@lofdepth=\count105
\c@subtable=\count106
\c@lotdepth=\count107

****************************************
* Local config file subfigure.cfg used *
****************************************

("C:\Users\yen\AppData\Local\Programs\MiKTeX 2.9\tex/latex/subfigure\subfigure.
cfg")
\subfig@top=\skip53
\subfig@bottom=\skip54
)
("C:\Users\yen\AppData\Local\Programs\MiKTeX 2.9\tex/latex/amsfonts\amssymb.sty
"
Package: amssymb 2013/01/14 v3.01 AMS font symbols

("C:\Users\yen\AppData\Local\Programs\MiKTeX 2.9\tex/latex/amsfonts\amsfonts.st
y"
Package: amsfonts 2013/01/14 v3.01 Basic AMSFonts support
\symAMSa=\mathgroup5
\symAMSb=\mathgroup6
LaTeX Font Info:    Overwriting math alphabet `\mathfrak' in version `bold'
(Font)                  U/euf/m/n --> U/euf/b/n on input line 106.
))
("C:\Users\yen\AppData\Local\Programs\MiKTeX 2.9\tex/latex/algorithms\algorithm
.sty"
Package: algorithm 2009/08/24 v0.1 Document Style `algorithm' - floating enviro
nment
 ("C:\Users\yen\AppData\Local\Programs\MiKTeX 2.9\tex/latex/float\float.sty"
Package: float 2001/11/08 v1.3d Float enhancements (AL)
\c@float@type=\count108
\float@exts=\toks26
\float@box=\box29
\@float@everytoks=\toks27
\@floatcapt=\box30
) ("C:\Users\yen\AppData\Local\Programs\MiKTeX 2.9\tex/latex/base\ifthen.sty"
Package: ifthen 2014/09/29 v1.1c Standard LaTeX ifthen package (DPC)
)
\@float@every@algorithm=\toks28
\c@algorithm=\count109
)
("C:\Users\yen\AppData\Local\Programs\MiKTeX 2.9\tex/latex/algorithms\algorithm
ic.sty"
Package: algorithmic 2009/08/24 v0.1 Document Style `algorithmic'
\c@ALC@unique=\count110
\c@ALC@line=\count111
\c@ALC@rem=\count112
\c@ALC@depth=\count113
\ALC@tlm=\skip55
\algorithmicindent=\skip56
)
("C:\Users\yen\AppData\Local\Programs\MiKTeX 2.9\tex/latex/multirow\multirow.st
y"
Package: multirow 2019/05/31 v2.5 Span multiple rows of a table
\multirow@colwidth=\skip57
\multirow@cntb=\count114
\multirow@dima=\skip58
\bigstrutjot=\dimen123
) ("C:\Users\yen\AppData\Local\Programs\MiKTeX 2.9\tex/latex/cite\cite.sty"
LaTeX Info: Redefining \cite on input line 302.
LaTeX Info: Redefining \nocite on input line 332.
Package: cite 2015/02/27  v 5.5
)
\c@thm=\count115
\c@lemma=\count116
\c@defi=\count117
\c@proposition=\count118
\c@cor=\count119

(Thesis-CHUNG.aux

LaTeX Warning: Label `Chap:Architecture' multiply defined.

)
\openout1 = `Thesis-CHUNG.aux'.

LaTeX Font Info:    Checking defaults for OML/cmm/m/it on input line 39.
LaTeX Font Info:    ... okay on input line 39.
LaTeX Font Info:    Checking defaults for T1/cmr/m/n on input line 39.
LaTeX Font Info:    ... okay on input line 39.
LaTeX Font Info:    Checking defaults for OT1/cmr/m/n on input line 39.
LaTeX Font Info:    ... okay on input line 39.
LaTeX Font Info:    Checking defaults for OMS/cmsy/m/n on input line 39.
LaTeX Font Info:    ... okay on input line 39.
LaTeX Font Info:    Checking defaults for OMX/cmex/m/n on input line 39.
LaTeX Font Info:    ... okay on input line 39.
LaTeX Font Info:    Checking defaults for U/cmr/m/n on input line 39.
LaTeX Font Info:    ... okay on input line 39.

("C:\Users\yen\AppData\Local\Programs\MiKTeX 2.9\tex/context/base/mkii\supp-pdf
.mkii"
[Loading MPS to PDF converter (version 2006.09.02).]
\scratchcounter=\count120
\scratchdimen=\dimen124
\scratchbox=\box31
\nofMPsegments=\count121
\nofMParguments=\count122
\everyMPshowfont=\toks29
\MPscratchCnt=\count123
\MPscratchDim=\dimen125
\MPnumerator=\count124
\makeMPintoPDFobject=\count125
\everyMPtoPDFconversion=\toks30
)
("C:\Users\yen\AppData\Local\Programs\MiKTeX 2.9\tex/latex/oberdiek\epstopdf-ba
se.sty"
Package: epstopdf-base 2016/05/15 v2.6 Base part for package epstopdf

("C:\Users\yen\AppData\Local\Programs\MiKTeX 2.9\tex/generic/oberdiek\infwarerr
.sty"
Package: infwarerr 2016/05/16 v1.4 Providing info/warning/error messages (HO)
)
("C:\Users\yen\AppData\Local\Programs\MiKTeX 2.9\tex/latex/oberdiek\grfext.sty"
Package: grfext 2016/05/16 v1.2 Manage graphics extensions (HO)

("C:\Users\yen\AppData\Local\Programs\MiKTeX 2.9\tex/generic/oberdiek\kvdefinek
eys.sty"
Package: kvdefinekeys 2016/05/16 v1.4 Define keys (HO)

("C:\Users\yen\AppData\Local\Programs\MiKTeX 2.9\tex/generic/oberdiek\ltxcmds.s
ty"
Package: ltxcmds 2016/05/16 v1.23 LaTeX kernel commands for general use (HO)
)))
("C:\Users\yen\AppData\Local\Programs\MiKTeX 2.9\tex/latex/oberdiek\kvoptions.s
ty"
Package: kvoptions 2016/05/16 v3.12 Key value format for package options (HO)

("C:\Users\yen\AppData\Local\Programs\MiKTeX 2.9\tex/generic/oberdiek\kvsetkeys
.sty"
Package: kvsetkeys 2016/05/16 v1.17 Key value parser (HO)

("C:\Users\yen\AppData\Local\Programs\MiKTeX 2.9\tex/generic/oberdiek\etexcmds.
sty"
Package: etexcmds 2016/05/16 v1.6 Avoid name clashes with e-TeX commands (HO)

("C:\Users\yen\AppData\Local\Programs\MiKTeX 2.9\tex/generic/oberdiek\ifluatex.
sty"
Package: ifluatex 2016/05/16 v1.4 Provides the ifluatex switch (HO)
Package ifluatex Info: LuaTeX not detected.
))))
("C:\Users\yen\AppData\Local\Programs\MiKTeX 2.9\tex/generic/oberdiek\pdftexcmd
s.sty"
Package: pdftexcmds 2018/09/10 v0.29 Utility functions of pdfTeX for LuaTeX (HO
)

("C:\Users\yen\AppData\Local\Programs\MiKTeX 2.9\tex/generic/oberdiek\ifpdf.sty
"
Package: ifpdf 2018/09/07 v3.3 Provides the ifpdf switch
)
Package pdftexcmds Info: LuaTeX not detected.
Package pdftexcmds Info: \pdf@primitive is available.
Package pdftexcmds Info: \pdf@ifprimitive is available.
Package pdftexcmds Info: \pdfdraftmode found.
)
Package epstopdf-base Info: Redefining graphics rule for `.eps' on input line 4
38.
Package grfext Info: Graphics extension search list:
(grfext)             [.pdf,.png,.jpg,.mps,.jpeg,.jbig2,.jb2,.PDF,.PNG,.JPG,.JPE
G,.JBIG2,.JB2,.eps]
(grfext)             \AppendGraphicsExtensions on input line 456.
) [2

{C:/Users/yen/AppData/Local/MiKTeX/2.9/pdftex/config/pdftex.map}]
[3] [4

] (Thesis-CHUNG.toc
LaTeX Font Info:    Try loading font information for U+lasy on input line 2.

("C:\Users\yen\AppData\Local\Programs\MiKTeX 2.9\tex/latex/base\ulasy.fd"
File: ulasy.fd 1998/08/17 v2.2e LaTeX symbol font definitions
)
LaTeX Font Info:    Try loading font information for U+msa on input line 2.

("C:\Users\yen\AppData\Local\Programs\MiKTeX 2.9\tex/latex/amsfonts\umsa.fd"
File: umsa.fd 2013/01/14 v3.01 AMS symbols A
)
LaTeX Font Info:    Try loading font information for U+msb on input line 2.

("C:\Users\yen\AppData\Local\Programs\MiKTeX 2.9\tex/latex/amsfonts\umsb.fd"
File: umsb.fd 2013/01/14 v3.01 AMS symbols B
)
[5

])
\tf@toc=\write4
\openout4 = `Thesis-CHUNG.toc'.

 [6] (Thesis-CHUNG.lof
Overfull \hbox (0.25648pt too wide) in paragraph at lines 17--17
 [][] []\OT1/cmr/m/n/12 Dispatch mech-a-nism con-sists of box fil-ter-ing stage
 and sim-ple time schedul- 
 []

)
\tf@lof=\write5
\openout5 = `Thesis-CHUNG.lof'.

 [7

]
Chapter 1.
<./Thesis_figures/F1-1_System_Design_Overview.PNG, id=25, 861.2175pt x 465.2381
3pt>
File: ./Thesis_figures/F1-1_System_Design_Overview.PNG Graphic file (type png)
<use ./Thesis_figures/F1-1_System_Design_Overview.PNG>
Package pdftex.def Info: ./Thesis_figures/F1-1_System_Design_Overview.PNG  used
 on input line 99.
(pdftex.def)             Requested size: 383.93712pt x 207.4101pt.
[1



] [2 <./Thesis_figures/F1-1_System_Design_Overview.PNG>] [3]
Chapter 2.
[4

] [5] [6]
Chapter 3.
<./Thesis_figures/F3-1_a_whole_system.PNG, id=47, 832.61063pt x 459.21562pt>
File: ./Thesis_figures/F3-1_a_whole_system.PNG Graphic file (type png)
<use ./Thesis_figures/F3-1_a_whole_system.PNG>
Package pdftex.def Info: ./Thesis_figures/F3-1_a_whole_system.PNG  used on inpu
t line 161.
(pdftex.def)             Requested size: 383.93712pt x 211.75325pt.
[7

] [8 <./Thesis_figures/F3-1_a_whole_system.PNG>] [9]
Chapter 4.
<./Thesis_figures/F4-1_webService_arcitecture.PNG, id=59, 456.20438pt x 465.990
94pt>
File: ./Thesis_figures/F4-1_webService_arcitecture.PNG Graphic file (type png)
<use ./Thesis_figures/F4-1_webService_arcitecture.PNG>
Package pdftex.def Info: ./Thesis_figures/F4-1_webService_arcitecture.PNG  used
 on input line 201.
(pdftex.def)             Requested size: 383.93712pt x 392.18341pt.
[10

] [11 <./Thesis_figures/F4-1_webService_arcitecture.PNG>]
<./Thesis_figures/F4-2_TraCI_connection.PNG, id=67, 293.59688pt x 225.84375pt>
File: ./Thesis_figures/F4-2_TraCI_connection.PNG Graphic file (type png)
<use ./Thesis_figures/F4-2_TraCI_connection.PNG>
Package pdftex.def Info: ./Thesis_figures/F4-2_TraCI_connection.PNG  used on in
put line 219.
(pdftex.def)             Requested size: 383.93712pt x 295.3371pt.
 [12 <./Thesis_figures/F4-2_TraCI_connection.PNG>]
<./Thesis_figures/F4-3_Change_endEdge.PNG, id=71, 421.0932pt x 439.4016pt>
File: ./Thesis_figures/F4-3_Change_endEdge.PNG Graphic file (type png)
<use ./Thesis_figures/F4-3_Change_endEdge.PNG>
Package pdftex.def Info: ./Thesis_figures/F4-3_Change_endEdge.PNG  used on inpu
t line 250.
(pdftex.def)             Requested size: 383.93712pt x 400.65393pt.
 [13]
<./Thesis_figures/F4-4_setStop.PNG, id=76, 420.1296pt x 440.3652pt>
File: ./Thesis_figures/F4-4_setStop.PNG Graphic file (type png)
<use ./Thesis_figures/F4-4_setStop.PNG>
Package pdftex.def Info: ./Thesis_figures/F4-4_setStop.PNG  used on input line 
258.
(pdftex.def)             Requested size: 383.93712pt x 402.42625pt.
 [14 <./Thesis_figures/F4-3_Change_endEdge.PNG>]
<./Thesis_figures/F4-5_GPS_googleMap.PNG, id=81, 428.01767pt x 397.20488pt>
File: ./Thesis_figures/F4-5_GPS_googleMap.PNG Graphic file (type png)
<use ./Thesis_figures/F4-5_GPS_googleMap.PNG>
Package pdftex.def Info: ./Thesis_figures/F4-5_GPS_googleMap.PNG  used on input
 line 273.
(pdftex.def)             Requested size: 383.93712pt x 356.31134pt.
 [15 <./Thesis_figures/F4-4_setStop.PNG>] [16 <./Thesis_figures/F4-5_GPS_google
Map.PNG>]
<./Thesis_figures/F4-6_GPS_SUMOMap.PNG, id=90, 422.63496pt x 394.54066pt>
File: ./Thesis_figures/F4-6_GPS_SUMOMap.PNG Graphic file (type png)
<use ./Thesis_figures/F4-6_GPS_SUMOMap.PNG>
Package pdftex.def Info: ./Thesis_figures/F4-6_GPS_SUMOMap.PNG  used on input l
ine 289.
(pdftex.def)             Requested size: 383.93712pt x 358.41849pt.
 [17 <./Thesis_figures/F4-6_GPS_SUMOMap.PNG>]
Chapter 5.
<./Thesis_figures/F5-1_sender_delivery_process.PNG, id=95, 791.20593pt x 439.64
25pt>
File: ./Thesis_figures/F5-1_sender_delivery_process.PNG Graphic file (type png)

<use ./Thesis_figures/F5-1_sender_delivery_process.PNG>
Package pdftex.def Info: ./Thesis_figures/F5-1_sender_delivery_process.PNG  use
d on input line 306.
(pdftex.def)             Requested size: 514.92346pt x 286.12648pt.

Overfull \hbox (63.23596pt too wide) in paragraph at lines 306--307
 [][] 
 []

[18

]
LaTeX Font Info:    Try loading font information for OMS+cmr on input line 317.

 ("C:\Users\yen\AppData\Local\Programs\MiKTeX 2.9\tex/latex/base\omscmr.fd"
File: omscmr.fd 2014/09/29 v2.5h Standard LaTeX font definitions
)
LaTeX Font Info:    Font shape `OMS/cmr/m/n' in size <12> not available
(Font)              Font shape `OMS/cmsy/m/n' tried instead on input line 317.
 [19 <./Thesis_figures/F5-1_sender_delivery_process.PNG>]
<./Thesis_figures/F5-2_receiver_delivery_process.PNG, id=105, 980.91469pt x 548
.80031pt>
File: ./Thesis_figures/F5-2_receiver_delivery_process.PNG Graphic file (type pn
g)
<use ./Thesis_figures/F5-2_receiver_delivery_process.PNG>
Package pdftex.def Info: ./Thesis_figures/F5-2_receiver_delivery_process.PNG  u
sed on input line 350.
(pdftex.def)             Requested size: 514.92346pt x 288.09935pt.

Overfull \hbox (63.23596pt too wide) in paragraph at lines 350--351
 [][] 
 []

[20] [21 <./Thesis_figures/F5-2_receiver_delivery_process.PNG>] [22]
Chapter 6.
<./Thesis_figures/F6-1_dispatching_mechanism.PNG, id=116, 562.35094pt x 456.204
38pt>
File: ./Thesis_figures/F6-1_dispatching_mechanism.PNG Graphic file (type png)
<use ./Thesis_figures/F6-1_dispatching_mechanism.PNG>
Package pdftex.def Info: ./Thesis_figures/F6-1_dispatching_mechanism.PNG  used 
on input line 388.
(pdftex.def)             Requested size: 451.6875pt x 366.43277pt.
[23

] [24 <./Thesis_figures/F6-1_dispatching_mechanism.PNG>]
<./Thesis_figures/F6-2_caseOne_boxFiltering.PNG, id=124, 392.21532pt x 130.9893
8pt>
File: ./Thesis_figures/F6-2_caseOne_boxFiltering.PNG Graphic file (type png)
<use ./Thesis_figures/F6-2_caseOne_boxFiltering.PNG>
Package pdftex.def Info: ./Thesis_figures/F6-2_caseOne_boxFiltering.PNG  used o
n input line 400.
(pdftex.def)             Requested size: 383.93712pt x 128.23279pt.
<./Thesis_figures/F6-3_caseTwo_boxFiltering.PNG, id=125, 533.995pt x 179.67125p
t>
File: ./Thesis_figures/F6-3_caseTwo_boxFiltering.PNG Graphic file (type png)
<use ./Thesis_figures/F6-3_caseTwo_boxFiltering.PNG>
Package pdftex.def Info: ./Thesis_figures/F6-3_caseTwo_boxFiltering.PNG  used o
n input line 411.
(pdftex.def)             Requested size: 383.93712pt x 129.18773pt.
 [25 <./Thesis_figures/F6-2_caseOne_boxFiltering.PNG>]
<./Thesis_figures/F6-4_caseOne_SchedulingStage.PNG, id=131, 971.12813pt x 533.7
4406pt>
File: ./Thesis_figures/F6-4_caseOne_SchedulingStage.PNG Graphic file (type png)

<use ./Thesis_figures/F6-4_caseOne_SchedulingStage.PNG>
Package pdftex.def Info: ./Thesis_figures/F6-4_caseOne_SchedulingStage.PNG  use
d on input line 425.
(pdftex.def)             Requested size: 514.92346pt x 283.00516pt.

Overfull \hbox (63.23596pt too wide) in paragraph at lines 425--426
 [][] 
 []

[26 <./Thesis_figures/F6-3_caseTwo_boxFiltering.PNG>] [27 <./Thesis_figures/F6-
4_caseOne_SchedulingStage.PNG>]
<./Thesis_figures/F6-5_caseTwo_SchedulingStage.PNG, id=140, 976.39781pt x 536.7
5531pt>
File: ./Thesis_figures/F6-5_caseTwo_SchedulingStage.PNG Graphic file (type png)

<use ./Thesis_figures/F6-5_caseTwo_SchedulingStage.PNG>
Package pdftex.def Info: ./Thesis_figures/F6-5_caseTwo_SchedulingStage.PNG  use
d on input line 443.
(pdftex.def)             Requested size: 514.92346pt x 283.07024pt.

Overfull \hbox (63.23596pt too wide) in paragraph at lines 443--444
 [][] 
 []

[28 <./Thesis_figures/F6-5_caseTwo_SchedulingStage.PNG>]
<./Thesis_figures/F6-6_caseThree_SchedulingStage.PNG, id=145, 971.88094pt x 489
.32813pt>
File: ./Thesis_figures/F6-6_caseThree_SchedulingStage.PNG Graphic file (type pn
g)
<use ./Thesis_figures/F6-6_caseThree_SchedulingStage.PNG>
Package pdftex.def Info: ./Thesis_figures/F6-6_caseThree_SchedulingStage.PNG  u
sed on input line 456.
(pdftex.def)             Requested size: 514.92346pt x 259.25307pt.

Overfull \hbox (63.23596pt too wide) in paragraph at lines 456--457
 [][] 
 []

[29 <./Thesis_figures/F6-6_caseThree_SchedulingStage.PNG>]
<./Thesis_figures/F6-7_senderScenario.PNG, id=150, 2000.22281pt x 1008.01593pt>

File: ./Thesis_figures/F6-7_senderScenario.PNG Graphic file (type png)
<use ./Thesis_figures/F6-7_senderScenario.PNG>
Package pdftex.def Info: ./Thesis_figures/F6-7_senderScenario.PNG  used on inpu
t line 474.
(pdftex.def)             Requested size: 514.92346pt x 259.49394pt.

Overfull \hbox (63.23596pt too wide) in paragraph at lines 474--475
 [][] 
 []

[30]
<./Thesis_figures/F6-8_receiverScenario1.PNG, id=154, 1876.76157pt x 878.53218p
t>
File: ./Thesis_figures/F6-8_receiverScenario1.PNG Graphic file (type png)
<use ./Thesis_figures/F6-8_receiverScenario1.PNG>
Package pdftex.def Info: ./Thesis_figures/F6-8_receiverScenario1.PNG  used on i
nput line 487.
(pdftex.def)             Requested size: 514.92346pt x 241.04077pt.

Overfull \hbox (63.23596pt too wide) in paragraph at lines 487--488
 [][] 
 []

[31 <./Thesis_figures/F6-7_senderScenario.PNG>]
<./Thesis_figures/F6-9_receiverScenario2.PNG, id=159, 2000.22281pt x 883.04906p
t>
File: ./Thesis_figures/F6-9_receiverScenario2.PNG Graphic file (type png)
<use ./Thesis_figures/F6-9_receiverScenario2.PNG>
Package pdftex.def Info: ./Thesis_figures/F6-9_receiverScenario2.PNG  used on i
nput line 499.
(pdftex.def)             Requested size: 514.92346pt x 227.32367pt.

Overfull \hbox (63.23596pt too wide) in paragraph at lines 499--500
 [][] 
 []

[32 <./Thesis_figures/F6-8_receiverScenario1.PNG>] [33 <./Thesis_figures/F6-9_r
eceiverScenario2.PNG>]
Chapter 7.
<./Thesis_figures/F7-1_Openstreetmap.PNG, id=166, 1380.65813pt x 700.11563pt>
File: ./Thesis_figures/F7-1_Openstreetmap.PNG Graphic file (type png)
<use ./Thesis_figures/F7-1_Openstreetmap.PNG>
Package pdftex.def Info: ./Thesis_figures/F7-1_Openstreetmap.PNG  used on input
 line 531.
(pdftex.def)             Requested size: 451.6875pt x 229.04117pt.
[34

]
<./Thesis_figures/F7-2_SUMOMap.PNG, id=170, 393.1283pt x 313.17pt>
File: ./Thesis_figures/F7-2_SUMOMap.PNG Graphic file (type png)
<use ./Thesis_figures/F7-2_SUMOMap.PNG>
Package pdftex.def Info: ./Thesis_figures/F7-2_SUMOMap.PNG  used on input line 
552.
(pdftex.def)             Requested size: 451.6875pt x 359.81773pt.
 [35 <./Thesis_figures/F7-1_Openstreetmap.PNG>]
<./Thesis_figures/F7-3_GoogleMap.PNG, id=175, 391.13696pt x 372.09283pt>
File: ./Thesis_figures/F7-3_GoogleMap.PNG Graphic file (type png)
<use ./Thesis_figures/F7-3_GoogleMap.PNG>
Package pdftex.def Info: ./Thesis_figures/F7-3_GoogleMap.PNG  used on input lin
e 560.
(pdftex.def)             Requested size: 451.6875pt x 429.70325pt.
 [36 <./Thesis_figures/F7-2_SUMOMap.PNG>] [37 <./Thesis_figures/F7-3_GoogleMap.
PNG>]
<./Thesis_figures/F7-4_parameters.PNG, id=186, 708.39656pt x 476.53032pt>
File: ./Thesis_figures/F7-4_parameters.PNG Graphic file (type png)
<use ./Thesis_figures/F7-4_parameters.PNG>
Package pdftex.def Info: ./Thesis_figures/F7-4_parameters.PNG  used on input li
ne 572.
(pdftex.def)             Requested size: 451.6875pt x 303.85132pt.
 [38 <./Thesis_figures/F7-4_parameters.PNG>]
<./Thesis_figures/F7-5_speedEstimation.PNG, id=191, 894.7026pt x 456.2646pt>
File: ./Thesis_figures/F7-5_speedEstimation.PNG Graphic file (type png)
<use ./Thesis_figures/F7-5_speedEstimation.PNG>
Package pdftex.def Info: ./Thesis_figures/F7-5_speedEstimation.PNG  used on inp
ut line 585.
(pdftex.def)             Requested size: 514.92346pt x 262.59378pt.

Overfull \hbox (63.23596pt too wide) in paragraph at lines 585--586
 [][] 
 []

[39 <./Thesis_figures/F7-5_speedEstimation.PNG>]
<./Thesis_figures/F7-6_initialization.PNG, id=196, 1018.55531pt x 447.17062pt>
File: ./Thesis_figures/F7-6_initialization.PNG Graphic file (type png)
<use ./Thesis_figures/F7-6_initialization.PNG>
Package pdftex.def Info: ./Thesis_figures/F7-6_initialization.PNG  used on inpu
t line 598.
(pdftex.def)             Requested size: 505.88779pt x 222.09729pt.

Overfull \hbox (54.20029pt too wide) in paragraph at lines 598--599
 [][] 
 []

[40 <./Thesis_figures/F7-6_initialization.PNG>]
<./Thesis_figures/F7-7_senderRequest.PNG, id=201, 1043.39813pt x 371.13657pt>
File: ./Thesis_figures/F7-7_senderRequest.PNG Graphic file (type png)
<use ./Thesis_figures/F7-7_senderRequest.PNG>
Package pdftex.def Info: ./Thesis_figures/F7-7_senderRequest.PNG  used on input
 line 609.
(pdftex.def)             Requested size: 505.88779pt x 179.94438pt.

Overfull \hbox (54.20029pt too wide) in paragraph at lines 609--610
 [][] 
 []

<./Thesis_figures/F7-8_loadingProcess.PNG, id=202, 928.97063pt x 572.89032pt>
File: ./Thesis_figures/F7-8_loadingProcess.PNG Graphic file (type png)
<use ./Thesis_figures/F7-8_loadingProcess.PNG>
Package pdftex.def Info: ./Thesis_figures/F7-8_loadingProcess.PNG  used on inpu
t line 620.
(pdftex.def)             Requested size: 505.88779pt x 311.98738pt.

Overfull \hbox (54.20029pt too wide) in paragraph at lines 620--621
 [][] 
 []

[41 <./Thesis_figures/F7-7_senderRequest.PNG>]
<./Thesis_figures/F7-9_receiverRequest.PNG, id=207, 995.21812pt x 457.71pt>
File: ./Thesis_figures/F7-9_receiverRequest.PNG Graphic file (type png)
<use ./Thesis_figures/F7-9_receiverRequest.PNG>
Package pdftex.def Info: ./Thesis_figures/F7-9_receiverRequest.PNG  used on inp
ut line 632.
(pdftex.def)             Requested size: 505.88779pt x 232.66776pt.

Overfull \hbox (54.20029pt too wide) in paragraph at lines 632--633
 [][] 
 []

[42 <./Thesis_figures/F7-8_loadingProcess.PNG>]
<./Thesis_figures/F7-10_unloadingProcess.PNG, id=212, 1254.93843pt x 715.17188p
t>
File: ./Thesis_figures/F7-10_unloadingProcess.PNG Graphic file (type png)
<use ./Thesis_figures/F7-10_unloadingProcess.PNG>
Package pdftex.def Info: ./Thesis_figures/F7-10_unloadingProcess.PNG  used on i
nput line 643.
(pdftex.def)             Requested size: 505.88779pt x 288.30077pt.

Overfull \hbox (54.20029pt too wide) in paragraph at lines 643--644
 [][] 
 []

[43 <./Thesis_figures/F7-9_receiverRequest.PNG>] [44 <./Thesis_figures/F7-10_un
loadingProcess.PNG>]
Chapter 8.
[45

] [46] (Thesis-CHUNG.bbl [47

]) [48] [49

] (Thesis-CHUNG.aux)

LaTeX Warning: There were multiply-defined labels.

 ) 
Here is how much of TeX's memory you used:
 3588 strings out of 492895
 53633 string characters out of 3124669
 114225 words of memory out of 3000000
 7377 multiletter control sequences out of 15000+200000
 11779 words of font info for 45 fonts, out of 3000000 for 9000
 1141 hyphenation exceptions out of 8191
 41i,5n,27p,886b,298s stack positions out of 5000i,500n,10000p,200000b,50000s
<C:/Users/yen/AppData/Local/Programs/MiKTeX 2.9/fonts/type1/public/amsfonts/c
m/cmbx12.pfb><C:/Users/yen/AppData/Local/Programs/MiKTeX 2.9/fonts/type1/public
/amsfonts/cm/cmbxti10.pfb><C:/Users/yen/AppData/Local/Programs/MiKTeX 2.9/fonts
/type1/public/amsfonts/cm/cmmi12.pfb><C:/Users/yen/AppData/Local/Programs/MiKTe
X 2.9/fonts/type1/public/amsfonts/cm/cmmi8.pfb><C:/Users/yen/AppData/Local/Prog
rams/MiKTeX 2.9/fonts/type1/public/amsfonts/cm/cmr10.pfb><C:/Users/yen/AppData/
Local/Programs/MiKTeX 2.9/fonts/type1/public/amsfonts/cm/cmr12.pfb><C:/Users/ye
n/AppData/Local/Programs/MiKTeX 2.9/fonts/type1/public/amsfonts/cm/cmr8.pfb><C:
/Users/yen/AppData/Local/Programs/MiKTeX 2.9/fonts/type1/public/amsfonts/cm/cms
y10.pfb><C:/Users/yen/AppData/Local/Programs/MiKTeX 2.9/fonts/type1/public/amsf
onts/cm/cmti12.pfb>
Output written on Thesis-CHUNG.pdf (55 pages, 6712459 bytes).
PDF statistics:
 269 PDF objects out of 1000 (max. 8388607)
 0 named destinations out of 1000 (max. 500000)
 146 words of extra memory for PDF output out of 10000 (max. 10000000)

